TN:
SF:env.ts
FNF:0
FNH:0
DA:15,1
DA:17,1
LF:2
LH:2
BRF:0
BRH:0
end_of_record
TN:
SF:app\Controllers\Http\AnswersController.ts
FN:5,(anonymous_1)
FNF:1
FNH:1
FNDA:1,(anonymous_1)
DA:2,1
DA:4,1
DA:6,1
DA:7,1
DA:8,1
DA:9,1
DA:13,1
DA:16,0
DA:17,0
LF:9
LH:7
BRF:0
BRH:0
end_of_record
TN:
SF:app\Controllers\Http\FormsController.ts
FN:8,(anonymous_1)
FN:33,(anonymous_2)
FN:40,(anonymous_3)
FNF:3
FNH:3
FNDA:1,(anonymous_1)
FNDA:1,(anonymous_2)
FNDA:48,(anonymous_3)
DA:2,1
DA:3,1
DA:4,1
DA:5,1
DA:7,1
DA:9,1
DA:10,1
DA:11,1
DA:12,0
DA:13,0
DA:15,1
DA:16,4
DA:17,4
DA:18,0
DA:19,0
DA:22,1
DA:23,4
DA:24,4
DA:25,4
DA:26,4
DA:27,4
DA:30,1
DA:34,1
DA:35,1
DA:36,1
DA:37,1
DA:38,12
DA:39,12
DA:40,12
DA:41,48
DA:42,48
DA:44,12
DA:45,12
DA:47,1
DA:49,0
DA:50,0
LF:36
LH:30
BRDA:11,0,0,0
BRDA:11,0,1,1
BRDA:17,1,0,0
BRDA:17,1,1,4
BRF:4
BRH:2
end_of_record
TN:
SF:app\Controllers\Http\QuestionsController.ts
FN:7,(anonymous_1)
FN:14,(anonymous_2)
FN:30,(anonymous_3)
FN:41,(anonymous_4)
FN:53,(anonymous_5)
FN:68,(anonymous_6)
FN:78,(anonymous_7)
FNF:7
FNH:7
FNDA:2,(anonymous_1)
FNDA:8,(anonymous_2)
FNDA:1,(anonymous_3)
FNDA:1,(anonymous_4)
FNDA:1,(anonymous_5)
FNDA:1,(anonymous_6)
FNDA:4,(anonymous_7)
DA:2,1
DA:3,1
DA:5,1
DA:8,2
DA:9,2
DA:10,2
DA:11,2
DA:12,2
DA:13,2
DA:14,2
DA:15,8
DA:16,8
DA:17,8
DA:18,8
DA:19,8
DA:20,8
DA:22,2
DA:25,0
DA:26,0
DA:31,1
DA:32,1
DA:33,1
DA:36,0
DA:37,0
DA:42,1
DA:43,1
DA:44,1
DA:45,0
DA:48,1
DA:49,1
DA:54,1
DA:55,1
DA:56,1
DA:57,1
DA:60,1
DA:63,0
DA:64,0
DA:69,1
DA:70,1
DA:71,1
DA:72,1
DA:73,0
DA:76,1
DA:77,1
DA:78,1
DA:79,4
DA:80,4
DA:83,1
DA:88,0
DA:89,0
LF:50
LH:40
BRDA:44,0,0,0
BRDA:44,0,1,1
BRDA:72,1,0,0
BRDA:72,1,1,1
BRF:4
BRH:2
end_of_record
TN:
SF:app\Controllers\Http\UsersController.ts
FN:11,(anonymous_1)
FN:72,(anonymous_2)
FN:77,(anonymous_3)
FN:82,(anonymous_4)
FN:119,(anonymous_5)
FN:126,(anonymous_6)
FN:137,(anonymous_7)
FN:159,(anonymous_8)
FNF:8
FNH:8
FNDA:1,(anonymous_1)
FNDA:1,(anonymous_2)
FNDA:1,(anonymous_3)
FNDA:1,(anonymous_4)
FNDA:1,(anonymous_5)
FNDA:1,(anonymous_6)
FNDA:1,(anonymous_7)
FNDA:1,(anonymous_8)
DA:2,1
DA:3,1
DA:4,1
DA:5,1
DA:6,1
DA:7,1
DA:9,1
DA:12,1
DA:13,1
DA:14,1
DA:15,0
DA:16,0
DA:17,0
DA:18,0
DA:19,0
DA:21,0
DA:22,0
DA:23,0
DA:24,0
DA:25,0
DA:27,1
DA:28,0
DA:29,0
DA:30,0
DA:31,0
DA:32,0
DA:33,0
DA:35,0
DA:36,0
DA:37,0
DA:39,0
DA:40,0
DA:41,0
DA:43,0
DA:44,0
DA:45,0
DA:47,1
DA:48,1
DA:49,1
DA:50,1
DA:51,1
DA:52,1
DA:53,1
DA:54,1
DA:55,1
DA:56,1
DA:57,1
DA:58,1
DA:59,1
DA:60,1
DA:61,1
DA:62,1
DA:63,1
DA:64,1
DA:67,0
DA:68,0
DA:73,1
DA:74,1
DA:78,1
DA:79,1
DA:83,1
DA:84,1
DA:85,1
DA:86,1
DA:87,0
DA:90,1
DA:91,1
DA:92,0
DA:95,1
DA:108,1
DA:109,1
DA:110,1
DA:112,1
DA:114,0
DA:115,0
DA:120,1
DA:123,1
DA:127,1
DA:128,1
DA:129,1
DA:132,0
DA:133,0
DA:138,1
DA:139,1
DA:140,1
DA:141,1
DA:151,1
DA:154,0
DA:155,0
DA:160,1
DA:161,1
DA:162,1
DA:163,0
DA:166,1
DA:167,1
LF:95
LH:59
BRDA:14,0,0,0
BRDA:14,0,1,1
BRDA:27,1,0,0
BRDA:27,1,1,1
BRDA:86,2,0,0
BRDA:86,2,1,1
BRDA:91,3,0,0
BRDA:91,3,1,1
BRDA:162,4,0,0
BRDA:162,4,1,1
BRF:10
BRH:5
end_of_record
TN:
SF:app\Models\Answer.ts
FN:27,(anonymous_3)
FNF:1
FNH:0
FNDA:0,(anonymous_3)
DA:1,1
DA:2,1
DA:3,1
DA:5,1
DA:7,1
DA:10,1
DA:13,1
DA:16,1
DA:19,1
DA:22,1
DA:25,1
DA:27,0
DA:28,1
LF:13
LH:12
BRDA:22,0,0,1
BRDA:22,0,1,0
BRDA:22,1,0,1
BRDA:22,1,1,1
BRDA:25,2,0,1
BRDA:25,2,1,0
BRDA:25,3,0,1
BRDA:25,3,1,1
BRDA:28,4,0,0
BRDA:28,4,1,1
BRDA:28,5,0,1
BRDA:28,5,1,0
BRF:12
BRH:8
end_of_record
TN:
SF:app\Models\Form.ts
FN:25,(anonymous_3)
FN:28,(anonymous_4)
FNF:2
FNH:0
FNDA:0,(anonymous_3)
FNDA:0,(anonymous_4)
DA:1,1
DA:2,1
DA:3,1
DA:4,1
DA:6,1
DA:8,1
DA:11,1
DA:14,1
DA:17,1
DA:20,1
DA:23,1
DA:25,0
DA:26,1
DA:28,0
DA:29,1
LF:15
LH:13
BRDA:20,0,0,1
BRDA:20,0,1,0
BRDA:20,1,0,1
BRDA:20,1,1,1
BRDA:23,2,0,1
BRDA:23,2,1,0
BRDA:23,3,0,1
BRDA:23,3,1,1
BRDA:26,4,0,0
BRDA:26,4,1,1
BRDA:26,5,0,1
BRDA:26,5,1,0
BRDA:29,6,0,0
BRDA:29,6,1,1
BRDA:29,7,0,1
BRDA:29,7,1,0
BRF:16
BRH:10
end_of_record
TN:
SF:app\Models\Question.ts
FNF:0
FNH:0
DA:1,1
DA:2,1
DA:4,1
DA:6,1
DA:9,1
DA:12,1
DA:15,1
DA:18,1
LF:8
LH:8
BRDA:15,0,0,1
BRDA:15,0,1,0
BRDA:15,1,0,1
BRDA:15,1,1,1
BRDA:18,2,0,1
BRDA:18,2,1,0
BRDA:18,3,0,1
BRDA:18,3,1,1
BRF:8
BRH:6
end_of_record
TN:
SF:app\Models\Role.ts
FNF:0
FNH:0
DA:1,1
DA:2,1
DA:4,1
DA:6,1
DA:9,1
DA:12,1
DA:15,1
DA:18,1
LF:8
LH:8
BRDA:15,0,0,1
BRDA:15,0,1,0
BRDA:15,1,0,1
BRDA:15,1,1,1
BRDA:18,2,0,1
BRDA:18,2,1,0
BRDA:18,3,0,1
BRDA:18,3,1,1
BRF:8
BRH:6
end_of_record
TN:
SF:app\Models\TypesDocument.ts
FNF:0
FNH:0
DA:1,1
DA:2,1
DA:4,1
DA:6,1
DA:9,1
DA:12,1
DA:15,1
DA:18,1
LF:8
LH:8
BRDA:15,0,0,1
BRDA:15,0,1,0
BRDA:15,1,0,1
BRDA:15,1,1,1
BRDA:18,2,0,1
BRDA:18,2,1,0
BRDA:18,3,0,1
BRDA:18,3,1,1
BRF:8
BRH:6
end_of_record
TN:
SF:app\Models\User.ts
FN:43,(anonymous_3)
FN:46,(anonymous_4)
FNF:2
FNH:0
FNDA:0,(anonymous_3)
FNDA:0,(anonymous_4)
DA:1,1
DA:2,1
DA:3,1
DA:4,1
DA:6,1
DA:8,1
DA:11,1
DA:14,1
DA:17,1
DA:20,1
DA:23,1
DA:26,1
DA:29,1
DA:32,1
DA:35,1
DA:38,1
DA:41,1
DA:43,0
DA:44,1
DA:46,0
DA:47,1
DA:50,1
DA:53,1
LF:23
LH:21
BRDA:44,0,0,0
BRDA:44,0,1,1
BRDA:44,1,0,1
BRDA:44,1,1,0
BRDA:47,2,0,0
BRDA:47,2,1,1
BRDA:47,3,0,1
BRDA:47,3,1,0
BRDA:50,4,0,1
BRDA:50,4,1,0
BRDA:50,5,0,1
BRDA:50,5,1,1
BRDA:53,6,0,1
BRDA:53,6,1,0
BRDA:53,7,0,1
BRDA:53,7,1,1
BRF:16
BRH:10
end_of_record
TN:
SF:config\app.ts
FNF:0
FNH:0
DA:8,1
DA:9,1
DA:28,1
DA:39,1
DA:137,1
DA:191,1
DA:234,1
LF:7
LH:7
BRF:0
BRH:0
end_of_record
TN:
SF:config\bodyparser.ts
FNF:0
FNH:0
DA:10,1
DA:211,1
LF:2
LH:2
BRF:0
BRH:0
end_of_record
TN:
SF:config\cors.ts
FNF:0
FNH:0
DA:10,1
DA:134,1
LF:2
LH:2
BRF:0
BRH:0
end_of_record
TN:
SF:config\database.ts
FNF:0
FNH:0
DA:8,1
DA:12,1
DA:68,1
LF:3
LH:3
BRF:0
BRH:0
end_of_record
TN:
SF:config\drive.ts
FNF:0
FNH:0
DA:8,1
DA:9,1
DA:10,1
DA:21,1
LF:4
LH:4
BRF:0
BRH:0
end_of_record
TN:
SF:config\hash.ts
FNF:0
FNH:0
DA:8,1
DA:9,1
DA:20,1
LF:3
LH:3
BRF:0
BRH:0
end_of_record
TN:
SF:providers\AppProvider.ts
FN:4,(anonymous_0)
FN:7,(anonymous_1)
FN:11,(anonymous_2)
FN:15,(anonymous_3)
FN:19,(anonymous_4)
FNF:5
FNH:5
FNDA:1,(anonymous_0)
FNDA:1,(anonymous_1)
FNDA:1,(anonymous_2)
FNDA:1,(anonymous_3)
FNDA:1,(anonymous_4)
DA:3,1
DA:4,1
LF:2
LH:2
BRF:0
BRH:0
end_of_record
TN:
SF:start\kernel.ts
FN:24,(anonymous_7)
FN:24,(anonymous_8)
FNF:2
FNH:2
FNDA:15,(anonymous_7)
FNDA:15,(anonymous_8)
DA:12,1
DA:23,1
DA:24,30
DA:43,1
LF:4
LH:4
BRF:0
BRH:0
end_of_record
TN:
SF:start\routes.ts
FN:23,(anonymous_1)
FN:27,(anonymous_2)
FNF:2
FNH:2
FNDA:1,(anonymous_1)
FNDA:1,(anonymous_2)
DA:21,1
DA:23,1
DA:24,1
DA:27,1
DA:28,1
DA:29,1
DA:30,1
DA:31,1
DA:32,1
DA:33,1
DA:34,1
DA:35,1
DA:36,1
DA:37,1
DA:38,1
DA:39,1
DA:40,1
LF:17
LH:17
BRF:0
BRH:0
end_of_record
